<?xml version="1.0" encoding="UTF-8"?>
<!-- Generated by org.testng.reporters.JUnitReportReporter -->
<testsuite hostname="Muhammads-MBP-4.home" name="paxotech.com.SeleniumFirstClass" tests="1" failures="0" timestamp="10 May 2017 04:57:55 GMT" time="6.481" errors="0">
  <testcase name="test1" time="6.481" classname="paxotech.com.SeleniumFirstClass"/>
</testsuite> <!-- paxotech.com.SeleniumFirstClass -->
